[debug] [2025-07-09T15:00:21.874Z] ----------------------------------------------------------------------
[debug] [2025-07-09T15:00:21.877Z] Command:       C:\Program Files\nodejs\node.exe C:\Users\pc\AppData\Roaming\npm\node_modules\firebase-tools\lib\bin\firebase.js init
[debug] [2025-07-09T15:00:21.878Z] CLI Version:   14.9.0
[debug] [2025-07-09T15:00:21.878Z] Platform:      win32
[debug] [2025-07-09T15:00:21.878Z] Node Version:  v22.13.1
[debug] [2025-07-09T15:00:21.878Z] Time:          Wed Jul 09 2025 15:00:21 GMT+0000 (Greenwich Mean Time)
[debug] [2025-07-09T15:00:21.878Z] ----------------------------------------------------------------------
[debug] 
[debug] [2025-07-09T15:00:21.882Z] >>> [apiv2][query] GET https://firebase-public.firebaseio.com/cli.json [none]
[debug] [2025-07-09T15:00:21.954Z] > command requires scopes: ["email","openid","https://www.googleapis.com/auth/cloudplatformprojects.readonly","https://www.googleapis.com/auth/firebase","https://www.googleapis.com/auth/cloud-platform"]
[debug] [2025-07-09T15:00:21.955Z] > authorizing via signed-in user (agbozovictor73@gmail.com)
[info] 
     ######## #### ########  ######## ########     ###     ######  ########
     ##        ##  ##     ## ##       ##     ##  ##   ##  ##       ##
     ######    ##  ########  ######   ########  #########  ######  ######
     ##        ##  ##    ##  ##       ##     ## ##     ##       ## ##
     ##       #### ##     ## ######## ########  ##     ##  ######  ########

You're about to initialize a Firebase project in this directory:

  C:\Users\pc\Desktop\My Files\Projects\Web Dev\React\assignr

[debug] [2025-07-09T15:00:22.738Z] <<< [apiv2][status] GET https://firebase-public.firebaseio.com/cli.json 200
[debug] [2025-07-09T15:00:22.739Z] <<< [apiv2][body] GET https://firebase-public.firebaseio.com/cli.json {"cloudBuildErrorAfter":1594252800000,"cloudBuildWarnAfter":1590019200000,"defaultNode10After":1594252800000,"minVersion":"3.0.5","node8DeploysDisabledAfter":1613390400000,"node8RuntimeDisabledAfter":1615809600000,"node8WarnAfter":1600128000000}
[info] 
=== Project Setup
[info] 
[info] First, let's associate this project directory with a Firebase project.
[info] You can create multiple project aliases by running firebase use --add, 
[info] but for now we'll just set up a default project.
[info] 
[debug] [2025-07-09T15:01:53.231Z] Checked if tokens are valid: false, expires at: 1748011472820
[debug] [2025-07-09T15:01:53.231Z] Checked if tokens are valid: false, expires at: 1748011472820
[debug] [2025-07-09T15:01:53.231Z] > refreshing access token with scopes: []
[debug] [2025-07-09T15:01:53.233Z] >>> [apiv2][query] POST https://www.googleapis.com/oauth2/v3/token [none]
[debug] [2025-07-09T15:01:53.233Z] >>> [apiv2][body] POST https://www.googleapis.com/oauth2/v3/token [omitted]
[debug] [2025-07-09T15:01:54.062Z] <<< [apiv2][status] POST https://www.googleapis.com/oauth2/v3/token 200
[debug] [2025-07-09T15:01:54.063Z] <<< [apiv2][body] POST https://www.googleapis.com/oauth2/v3/token [omitted]
[debug] [2025-07-09T15:01:54.080Z] >>> [apiv2][query] GET https://firebase.googleapis.com/v1beta1/projects pageSize=100
[debug] [2025-07-09T15:01:55.202Z] <<< [apiv2][status] GET https://firebase.googleapis.com/v1beta1/projects 200
[debug] [2025-07-09T15:01:55.202Z] <<< [apiv2][body] GET https://firebase.googleapis.com/v1beta1/projects [omitted]
[debug] [2025-07-09T15:02:18.966Z] Error: Timed out.
    at Timeout._onTimeout (C:\Users\pc\AppData\Roaming\npm\node_modules\firebase-tools\lib\utils.js:267:49)
    at listOnTimeout (node:internal/timers:594:17)
    at process.processTimers (node:internal/timers:529:7)
[error] 
[error] Error: An unexpected error has occurred.
